/raid/home/anikethv/others/c-arch/hpca-course-assignment-2022
dgx1
Tue 29 Nov 2022 08:21:29 AM IST
Tue Nov 29 08:21:29 2022       
+-----------------------------------------------------------------------------+
| NVIDIA-SMI 465.19.01    Driver Version: 465.19.01    CUDA Version: 11.3     |
|-------------------------------+----------------------+----------------------+
| GPU  Name        Persistence-M| Bus-Id        Disp.A | Volatile Uncorr. ECC |
| Fan  Temp  Perf  Pwr:Usage/Cap|         Memory-Usage | GPU-Util  Compute M. |
|                               |                      |               MIG M. |
|===============================+======================+======================|
|   0  NVIDIA Tesla V1...  On   | 00000000:06:00.0 Off |                    0 |
| N/A   37C    P0    57W / 300W |   3234MiB / 32510MiB |      8%      Default |
|                               |                      |                  N/A |
+-------------------------------+----------------------+----------------------+
|   1  NVIDIA Tesla V1...  On   | 00000000:07:00.0 Off |                    0 |
| N/A   41C    P0    64W / 300W |   4782MiB / 32510MiB |      7%      Default |
|                               |                      |                  N/A |
+-------------------------------+----------------------+----------------------+
|   2  NVIDIA Tesla V1...  On   | 00000000:0A:00.0 Off |                    0 |
| N/A   39C    P0    56W / 300W |   4090MiB / 32510MiB |      8%      Default |
|                               |                      |                  N/A |
+-------------------------------+----------------------+----------------------+
|   3  NVIDIA Tesla V1...  On   | 00000000:0B:00.0 Off |                    0 |
| N/A   37C    P0    57W / 300W |   3234MiB / 32510MiB |      8%      Default |
|                               |                      |                  N/A |
+-------------------------------+----------------------+----------------------+
|   4  NVIDIA Tesla V1...  On   | 00000000:85:00.0 Off |                    0 |
| N/A   40C    P0    56W / 300W |   4782MiB / 32510MiB |     26%      Default |
|                               |                      |                  N/A |
+-------------------------------+----------------------+----------------------+
|   5  NVIDIA Tesla V1...  On   | 00000000:86:00.0 Off |                    0 |
| N/A   37C    P0    41W / 300W |      0MiB / 32510MiB |      0%      Default |
|                               |                      |                  N/A |
+-------------------------------+----------------------+----------------------+
|   6  NVIDIA Tesla V1...  On   | 00000000:89:00.0 Off |                    0 |
| N/A   39C    P0    41W / 300W |      0MiB / 32510MiB |      0%      Default |
|                               |                      |                  N/A |
+-------------------------------+----------------------+----------------------+
|   7  NVIDIA Tesla V1...  On   | 00000000:8A:00.0 Off |                    0 |
| N/A   39C    P0    58W / 300W |   4090MiB / 32510MiB |     26%      Default |
|                               |                      |                  N/A |
+-------------------------------+----------------------+----------------------+
                                                                               
+-----------------------------------------------------------------------------+
| Processes:                                                                  |
|  GPU   GI   CI        PID   Type   Process name                  GPU Memory |
|        ID   ID                                                   Usage      |
|=============================================================================|
|    0   N/A  N/A   2047055      C   python                           3231MiB |
|    1   N/A  N/A   2047135      C   python                           4779MiB |
|    2   N/A  N/A   2047295      C   python                           4087MiB |
|    3   N/A  N/A   2047547      C   python                           3231MiB |
|    4   N/A  N/A   2067817      C   python                           4779MiB |
|    7   N/A  N/A   2076463      C   python                           4087MiB |
+-----------------------------------------------------------------------------+
Input matrix of size 8192
Multithread-1 execution time: 229721 ms
