/raid/home/anikethv/others/c-arch/hpca-course-assignment-2022
dgx1
Mon 28 Nov 2022 11:48:12 AM IST
Mon Nov 28 11:48:12 2022       
+-----------------------------------------------------------------------------+
| NVIDIA-SMI 465.19.01    Driver Version: 465.19.01    CUDA Version: 11.3     |
|-------------------------------+----------------------+----------------------+
| GPU  Name        Persistence-M| Bus-Id        Disp.A | Volatile Uncorr. ECC |
| Fan  Temp  Perf  Pwr:Usage/Cap|         Memory-Usage | GPU-Util  Compute M. |
|                               |                      |               MIG M. |
|===============================+======================+======================|
|   0  NVIDIA Tesla V1...  On   | 00000000:06:00.0 Off |                    0 |
| N/A   34C    P0    42W / 300W |      0MiB / 32510MiB |      0%      Default |
|                               |                      |                  N/A |
+-------------------------------+----------------------+----------------------+
|   1  NVIDIA Tesla V1...  On   | 00000000:07:00.0 Off |                    0 |
| N/A   36C    P0    42W / 300W |      0MiB / 32510MiB |      0%      Default |
|                               |                      |                  N/A |
+-------------------------------+----------------------+----------------------+
|   2  NVIDIA Tesla V1...  On   | 00000000:0A:00.0 Off |                    0 |
| N/A   36C    P0    41W / 300W |      3MiB / 32510MiB |      0%      Default |
|                               |                      |                  N/A |
+-------------------------------+----------------------+----------------------+
|   3  NVIDIA Tesla V1...  On   | 00000000:0B:00.0 Off |                    0 |
| N/A   34C    P0    42W / 300W |      0MiB / 32510MiB |      0%      Default |
|                               |                      |                  N/A |
+-------------------------------+----------------------+----------------------+
|   4  NVIDIA Tesla V1...  On   | 00000000:85:00.0 Off |                    0 |
| N/A   36C    P0    40W / 300W |      0MiB / 32510MiB |      0%      Default |
|                               |                      |                  N/A |
+-------------------------------+----------------------+----------------------+
|   5  NVIDIA Tesla V1...  On   | 00000000:86:00.0 Off |                    0 |
| N/A   38C    P0    56W / 300W |   4036MiB / 32510MiB |     27%      Default |
|                               |                      |                  N/A |
+-------------------------------+----------------------+----------------------+
|   6  NVIDIA Tesla V1...  On   | 00000000:89:00.0 Off |                    0 |
| N/A   42C    P0    59W / 300W |   4734MiB / 32510MiB |     28%      Default |
|                               |                      |                  N/A |
+-------------------------------+----------------------+----------------------+
|   7  NVIDIA Tesla V1...  On   | 00000000:8A:00.0 Off |                    0 |
| N/A   38C    P0    57W / 300W |   3194MiB / 32510MiB |      6%      Default |
|                               |                      |                  N/A |
+-------------------------------+----------------------+----------------------+
                                                                               
+-----------------------------------------------------------------------------+
| Processes:                                                                  |
|  GPU   GI   CI        PID   Type   Process name                  GPU Memory |
|        ID   ID                                                   Usage      |
|=============================================================================|
|    5   N/A  N/A   1756886      C   python                           4033MiB |
|    6   N/A  N/A   1756846      C   python                           4731MiB |
|    7   N/A  N/A   1756690      C   python                           3191MiB |
+-----------------------------------------------------------------------------+
Input matrix of size 2048
Reference execution time: 47583 ms
Singlethread-2 execution time: 27995.9 ms
Singlethread-3 execution time for T = 2 -- 36484.3 ms
Singlethread-3 execution time for T = 4 -- 30847 ms
Singlethread-3 execution time for T = 8 -- 29131.4 ms
Singlethread-3 execution time for T = 16 -- 29061.9 ms
Singlethread-3 execution time for T = 32 -- 28671.5 ms
Singlethread-3 execution time for T = 64 -- 29109.3 ms
Singlethread-3 execution time for T = 128 -- 29321.8 ms
Singlethread-3 execution time for T = 256 -- 29039.4 ms
Singlethread-3 execution time for T = 512 -- 28557.2 ms
Singlethread-3 execution time for T = 1024 -- 28528.2 ms
