/raid/home/anikethv/others/c-arch/hpca-course-assignment-2022
dgx1
Sun 27 Nov 2022 10:36:04 PM IST
Sun Nov 27 22:36:04 2022       
+-----------------------------------------------------------------------------+
| NVIDIA-SMI 465.19.01    Driver Version: 465.19.01    CUDA Version: 11.3     |
|-------------------------------+----------------------+----------------------+
| GPU  Name        Persistence-M| Bus-Id        Disp.A | Volatile Uncorr. ECC |
| Fan  Temp  Perf  Pwr:Usage/Cap|         Memory-Usage | GPU-Util  Compute M. |
|                               |                      |               MIG M. |
|===============================+======================+======================|
|   0  NVIDIA Tesla V1...  On   | 00000000:06:00.0 Off |                    0 |
| N/A   34C    P0    55W / 300W |  31884MiB / 32510MiB |      0%      Default |
|                               |                      |                  N/A |
+-------------------------------+----------------------+----------------------+
|   1  NVIDIA Tesla V1...  On   | 00000000:07:00.0 Off |                    0 |
| N/A   39C    P0    81W / 300W |  31825MiB / 32510MiB |     52%      Default |
|                               |                      |                  N/A |
+-------------------------------+----------------------+----------------------+
|   2  NVIDIA Tesla V1...  On   | 00000000:0A:00.0 Off |                    0 |
| N/A   50C    P0   181W / 300W |  31885MiB / 32510MiB |     84%      Default |
|                               |                      |                  N/A |
+-------------------------------+----------------------+----------------------+
|   3  NVIDIA Tesla V1...  On   | 00000000:0B:00.0 Off |                    0 |
| N/A   34C    P0    55W / 300W |    973MiB / 32510MiB |      0%      Default |
|                               |                      |                  N/A |
+-------------------------------+----------------------+----------------------+
|   4  NVIDIA Tesla V1...  On   | 00000000:85:00.0 Off |                    0 |
| N/A   39C    P0    72W / 300W |  23665MiB / 32510MiB |     10%      Default |
|                               |                      |                  N/A |
+-------------------------------+----------------------+----------------------+
|   5  NVIDIA Tesla V1...  On   | 00000000:86:00.0 Off |                    0 |
| N/A   39C    P0    76W / 300W |  25725MiB / 32510MiB |     52%      Default |
|                               |                      |                  N/A |
+-------------------------------+----------------------+----------------------+
|   6  NVIDIA Tesla V1...  On   | 00000000:89:00.0 Off |                    0 |
| N/A   44C    P0    58W / 300W |    490MiB / 32510MiB |      0%      Default |
|                               |                      |                  N/A |
+-------------------------------+----------------------+----------------------+
|   7  NVIDIA Tesla V1...  On   | 00000000:8A:00.0 Off |                    0 |
| N/A   56C    P0   275W / 300W |  21175MiB / 32510MiB |     74%      Default |
|                               |                      |                  N/A |
+-------------------------------+----------------------+----------------------+
                                                                               
+-----------------------------------------------------------------------------+
| Processes:                                                                  |
|  GPU   GI   CI        PID   Type   Process name                  GPU Memory |
|        ID   ID                                                   Usage      |
|=============================================================================|
|    0   N/A  N/A   1555379      C   ...hra/miniconda3/bin/python    31881MiB |
|    1   N/A  N/A   1340023      C   python                          31331MiB |
|    1   N/A  N/A   1555379      C   ...hra/miniconda3/bin/python      487MiB |
|    2   N/A  N/A   1483279      C   /usr/bin/python3                31393MiB |
|    2   N/A  N/A   1555379      C   ...hra/miniconda3/bin/python      487MiB |
|    3   N/A  N/A   1483279      C   /usr/bin/python3                  481MiB |
|    3   N/A  N/A   1555379      C   ...hra/miniconda3/bin/python      487MiB |
|    4   N/A  N/A   1339866      C   python                          23169MiB |
|    4   N/A  N/A   1555379      C   ...hra/miniconda3/bin/python      487MiB |
|    5   N/A  N/A   1390821      C   python                          25231MiB |
|    5   N/A  N/A   1555379      C   ...hra/miniconda3/bin/python      487MiB |
|    6   N/A  N/A   1555379      C   ...hra/miniconda3/bin/python      487MiB |
|    7   N/A  N/A   1139344      C   python3                         20681MiB |
|    7   N/A  N/A   1555379      C   ...hra/miniconda3/bin/python      487MiB |
+-----------------------------------------------------------------------------+
Input matrix of size 4096
Reference execution time: 275549 ms
GPU execution time: 712.32 ms
