/raid/home/anikethv/others/c-arch/hpca-course-assignment-2022
dgx1
Sun 27 Nov 2022 11:59:06 PM IST
Sun Nov 27 23:59:06 2022       
+-----------------------------------------------------------------------------+
| NVIDIA-SMI 465.19.01    Driver Version: 465.19.01    CUDA Version: 11.3     |
|-------------------------------+----------------------+----------------------+
| GPU  Name        Persistence-M| Bus-Id        Disp.A | Volatile Uncorr. ECC |
| Fan  Temp  Perf  Pwr:Usage/Cap|         Memory-Usage | GPU-Util  Compute M. |
|                               |                      |               MIG M. |
|===============================+======================+======================|
|   0  NVIDIA Tesla V1...  On   | 00000000:06:00.0 Off |                    0 |
| N/A   36C    P0    56W / 300W |  31886MiB / 32510MiB |      0%      Default |
|                               |                      |                  N/A |
+-------------------------------+----------------------+----------------------+
|   1  NVIDIA Tesla V1...  On   | 00000000:07:00.0 Off |                    0 |
| N/A   43C    P0    72W / 300W |  28475MiB / 32510MiB |     12%      Default |
|                               |                      |                  N/A |
+-------------------------------+----------------------+----------------------+
|   2  NVIDIA Tesla V1...  On   | 00000000:0A:00.0 Off |                    0 |
| N/A   39C    P0    56W / 300W |    492MiB / 32510MiB |      0%      Default |
|                               |                      |                  N/A |
+-------------------------------+----------------------+----------------------+
|   3  NVIDIA Tesla V1...  On   | 00000000:0B:00.0 Off |                    0 |
| N/A   37C    P0    55W / 300W |    492MiB / 32510MiB |      0%      Default |
|                               |                      |                  N/A |
+-------------------------------+----------------------+----------------------+
|   4  NVIDIA Tesla V1...  On   | 00000000:85:00.0 Off |                    0 |
| N/A   42C    P0    62W / 300W |  23665MiB / 32510MiB |     36%      Default |
|                               |                      |                  N/A |
+-------------------------------+----------------------+----------------------+
|   5  NVIDIA Tesla V1...  On   | 00000000:86:00.0 Off |                    0 |
| N/A   43C    P0    72W / 300W |  25797MiB / 32510MiB |      6%      Default |
|                               |                      |                  N/A |
+-------------------------------+----------------------+----------------------+
|   6  NVIDIA Tesla V1...  On   | 00000000:89:00.0 Off |                    0 |
| N/A   42C    P0    56W / 300W |    490MiB / 32510MiB |      0%      Default |
|                               |                      |                  N/A |
+-------------------------------+----------------------+----------------------+
|   7  NVIDIA Tesla V1...  On   | 00000000:8A:00.0 Off |                    0 |
| N/A   38C    P0    55W / 300W |    494MiB / 32510MiB |      0%      Default |
|                               |                      |                  N/A |
+-------------------------------+----------------------+----------------------+
                                                                               
+-----------------------------------------------------------------------------+
| Processes:                                                                  |
|  GPU   GI   CI        PID   Type   Process name                  GPU Memory |
|        ID   ID                                                   Usage      |
|=============================================================================|
|    0   N/A  N/A   1555379      C   ...hra/miniconda3/bin/python    31883MiB |
|    1   N/A  N/A   1340023      C   python                          27981MiB |
|    1   N/A  N/A   1555379      C   ...hra/miniconda3/bin/python      487MiB |
|    2   N/A  N/A   1555379      C   ...hra/miniconda3/bin/python      487MiB |
|    3   N/A  N/A   1555379      C   ...hra/miniconda3/bin/python      487MiB |
|    4   N/A  N/A   1339866      C   python                          23169MiB |
|    4   N/A  N/A   1555379      C   ...hra/miniconda3/bin/python      487MiB |
|    5   N/A  N/A   1390821      C   python                          25303MiB |
|    5   N/A  N/A   1555379      C   ...hra/miniconda3/bin/python      487MiB |
|    6   N/A  N/A   1555379      C   ...hra/miniconda3/bin/python      487MiB |
|    7   N/A  N/A   1555379      C   ...hra/miniconda3/bin/python      487MiB |
+-----------------------------------------------------------------------------+
Input matrix of size 1024
Reference execution time: 5270.34 ms
GPU execution time: 413.365 ms
